<?xml version="1.0" encoding="UTF-8"?>
<testsuites name="ATC_Test Suite" time="202.622" tests="12" failures="1" errors="0">
   <testsuite name="ATC_Test Suite" tests="12" failures="1" errors="0" time="202.622" skipped="0" timestamp="2022-11-01 11:37:31" hostname="Athif - DESKTOP-HMC26PQ" id="Test Suites/ATC_Test Suite">
      <properties>
         <property name="deviceName" value=""/>
         <property name="devicePlatform" value=""/>
         <property name="logFolder" value="C:\\Users\\Athif\\git\\MiniprojectWeb\\Reports\\20221101_113722\\ATC_Test Suite\\20221101_113722"/>
         <property name="logFiles" value="C:\\Users\\Athif\\git\\MiniprojectWeb\\Reports\\20221101_113722\\ATC_Test Suite\\20221101_113722\\execution0.log"/>
         <property name="attachments" value="C:\\Users\\Athif\\git\\MiniprojectWeb\\Reports\\20221101_113722\\ATC_Test Suite\\20221101_113722\\1667277505383.png"/>
         <property name="hostName" value="Athif - DESKTOP-HMC26PQ"/>
         <property name="os" value="Windows 10 64bit"/>
         <property name="katalonVersion" value="8.3.0.208"/>
         <property name="browser" value="Chrome 106.0.0.0"/>
         <property name="hostAddress" value="192.168.56.1"/>
         <property name="sessionId" value="66a3722eb6dd84955df8a1865ca86dd5"/>
         <property name="seleniumVersion" value="3.141.59"/>
         <property name="proxyInformation" value="ProxyInformation { proxyOption=NO_PROXY, proxyServerType=HTTP, username=, password=********, proxyServerAddress=, proxyServerPort=0, executionList=&quot;&quot;, isApplyToDesiredCapabilities=true }"/>
         <property name="platform" value="Windows 10"/>
      </properties>
      <testcase name="Test Cases/ATC/ATC01_Register" time="53.872" classname="Test Cases/ATC/ATC01_Register" status="FAILED">
         <failure type="FAILED" message="Test Cases/ATC/ATC01_Register FAILED.
Reason:
com.kms.katalon.core.exception.StepFailedException: Unable to set text 'zackweb' of object 'Object Repository/Register/Page_frontend-web/input_Nama Lengkap_input-613'
	at com.kms.katalon.core.webui.keyword.internal.WebUIKeywordMain.stepFailed(WebUIKeywordMain.groovy:64)
	at com.kms.katalon.core.webui.keyword.internal.WebUIKeywordMain.runKeyword(WebUIKeywordMain.groovy:26)
	at com.kms.katalon.core.webui.keyword.builtin.SetTextKeyword.setText(SetTextKeyword.groovy:66)
	at com.kms.katalon.core.webui.keyword.builtin.SetTextKeyword.execute(SetTextKeyword.groovy:37)
	at com.kms.katalon.core.keyword.internal.KeywordExecutor.executeKeywordForPlatform(KeywordExecutor.groovy:74)
	at com.kms.katalon.core.webui.keyword.WebUiBuiltInKeywords.setText(WebUiBuiltInKeywords.groovy:980)
	at com.kms.katalon.core.webui.keyword.WebUiBuiltInKeywords$setText$2.call(Unknown Source)
	at ATC01_Register.run(ATC01_Register:28)
	at com.kms.katalon.core.main.ScriptEngine.run(ScriptEngine.java:194)
	at com.kms.katalon.core.main.ScriptEngine.runScriptAsRawText(ScriptEngine.java:119)
	at com.kms.katalon.core.main.TestCaseExecutor.runScript(TestCaseExecutor.java:445)
	at com.kms.katalon.core.main.TestCaseExecutor.doExecute(TestCaseExecutor.java:436)
	at com.kms.katalon.core.main.TestCaseExecutor.processExecutionPhase(TestCaseExecutor.java:415)
	at com.kms.katalon.core.main.TestCaseExecutor.accessMainPhase(TestCaseExecutor.java:407)
	at com.kms.katalon.core.main.TestCaseExecutor.execute(TestCaseExecutor.java:284)
	at com.kms.katalon.core.common.CommonExecutor.accessTestCaseMainPhase(CommonExecutor.java:65)
	at com.kms.katalon.core.main.TestSuiteExecutor.accessTestSuiteMainPhase(TestSuiteExecutor.java:144)
	at com.kms.katalon.core.main.TestSuiteExecutor.execute(TestSuiteExecutor.java:106)
	at com.kms.katalon.core.main.TestCaseMain.startTestSuite(TestCaseMain.java:185)
	at com.kms.katalon.core.main.TestCaseMain$startTestSuite$0.call(Unknown Source)
	at TempTestSuite1667277442194.run(TempTestSuite1667277442194.groovy:36)
Caused by: com.kms.katalon.core.webui.exception.WebElementNotFoundException: Web element with id: 'Object Repository/Register/Page_frontend-web/input_Nama Lengkap_input-613' located by '//input[@id='input-613']' not found
	at com.kms.katalon.core.webui.common.WebUiCommonHelper.findWebElement(WebUiCommonHelper.java:1370)
	at com.kms.katalon.core.webui.keyword.internal.WebUIAbstractKeyword.findWebElement(WebUIAbstractKeyword.groovy:27)
	at com.kms.katalon.core.webui.keyword.internal.WebUIAbstractKeyword.findWebElement(WebUIAbstractKeyword.groovy:26)
	at com.kms.katalon.core.webui.keyword.builtin.SetTextKeyword$_setText_closure1.doCall(SetTextKeyword.groovy:51)
	at com.kms.katalon.core.webui.keyword.builtin.SetTextKeyword$_setText_closure1.call(SetTextKeyword.groovy)
	at com.kms.katalon.core.webui.keyword.internal.WebUIKeywordMain.runKeyword(WebUIKeywordMain.groovy:20)
	... 19 more
"/>
         <system-out><![CDATA[2022-11-01 11:37:31 - [TEST_CASE][FAILED] - Test Cases/ATC/ATC01_Register: Test Cases/ATC/ATC01_Register FAILED.
Reason:
com.kms.katalon.core.exception.StepFailedException: Unable to set text 'zackweb' of object 'Object Repository/Register/Page_frontend-web/input_Nama Lengkap_input-613'
	at com.kms.katalon.core.webui.keyword.internal.WebUIKeywordMain.stepFailed(WebUIKeywordMain.groovy:64)
	at com.kms.katalon.core.webui.keyword.internal.WebUIKeywordMain.runKeyword(WebUIKeywordMain.groovy:26)
	at com.kms.katalon.core.webui.keyword.builtin.SetTextKeyword.setText(SetTextKeyword.groovy:66)
	at com.kms.katalon.core.webui.keyword.builtin.SetTextKeyword.execute(SetTextKeyword.groovy:37)
	at com.kms.katalon.core.keyword.internal.KeywordExecutor.executeKeywordForPlatform(KeywordExecutor.groovy:74)
	at com.kms.katalon.core.webui.keyword.WebUiBuiltInKeywords.setText(WebUiBuiltInKeywords.groovy:980)
	at com.kms.katalon.core.webui.keyword.WebUiBuiltInKeywords$setText$2.call(Unknown Source)
	at ATC01_Register.run(ATC01_Register:28)
	at com.kms.katalon.core.main.ScriptEngine.run(ScriptEngine.java:194)
	at com.kms.katalon.core.main.ScriptEngine.runScriptAsRawText(ScriptEngine.java:119)
	at com.kms.katalon.core.main.TestCaseExecutor.runScript(TestCaseExecutor.java:445)
	at com.kms.katalon.core.main.TestCaseExecutor.doExecute(TestCaseExecutor.java:436)
	at com.kms.katalon.core.main.TestCaseExecutor.processExecutionPhase(TestCaseExecutor.java:415)
	at com.kms.katalon.core.main.TestCaseExecutor.accessMainPhase(TestCaseExecutor.java:407)
	at com.kms.katalon.core.main.TestCaseExecutor.execute(TestCaseExecutor.java:284)
	at com.kms.katalon.core.common.CommonExecutor.accessTestCaseMainPhase(CommonExecutor.java:65)
	at com.kms.katalon.core.main.TestSuiteExecutor.accessTestSuiteMainPhase(TestSuiteExecutor.java:144)
	at com.kms.katalon.core.main.TestSuiteExecutor.execute(TestSuiteExecutor.java:106)
	at com.kms.katalon.core.main.TestCaseMain.startTestSuite(TestCaseMain.java:185)
	at com.kms.katalon.core.main.TestCaseMain$startTestSuite$0.call(Unknown Source)
	at TempTestSuite1667277442194.run(TempTestSuite1667277442194.groovy:36)
Caused by: com.kms.katalon.core.webui.exception.WebElementNotFoundException: Web element with id: 'Object Repository/Register/Page_frontend-web/input_Nama Lengkap_input-613' located by '//input[@id='input-613']' not found
	at com.kms.katalon.core.webui.common.WebUiCommonHelper.findWebElement(WebUiCommonHelper.java:1370)
	at com.kms.katalon.core.webui.keyword.internal.WebUIAbstractKeyword.findWebElement(WebUIAbstractKeyword.groovy:27)
	at com.kms.katalon.core.webui.keyword.internal.WebUIAbstractKeyword.findWebElement(WebUIAbstractKeyword.groovy:26)
	at com.kms.katalon.core.webui.keyword.builtin.SetTextKeyword$_setText_closure1.doCall(SetTextKeyword.groovy:51)
	at com.kms.katalon.core.webui.keyword.builtin.SetTextKeyword$_setText_closure1.call(SetTextKeyword.groovy)
	at com.kms.katalon.core.webui.keyword.internal.WebUIKeywordMain.runKeyword(WebUIKeywordMain.groovy:20)
	... 19 more


2022-11-01 11:37:32 - [TEST_STEP][PASSED] - openBrowser(""): Browser is opened with url: ''

2022-11-01 11:37:32 - [MESSAGE][INFO] - Starting 'Chrome' driver

2022-11-01 11:37:32 - [MESSAGE][INFO] - Action delay is set to 0 milliseconds

2022-11-01 11:37:37 - [MESSAGE][PASSED] - Browser is opened with url: ''

2022-11-01 11:37:37 - [TEST_STEP][PASSED] - navigateToUrl("https://alta-shop.vercel.app/"): Navigate to 'https://alta-shop.vercel.app/' successfully

2022-11-01 11:37:51 - [MESSAGE][PASSED] - Navigate to 'https://alta-shop.vercel.app/' successfully

2022-11-01 11:37:51 - [TEST_STEP][PASSED] - click(findTestObject("Object Repository/Register/Page_frontend-web/i_AltaShop_v-icon notranslate fas fa-sign-i_3d16a9")): Object: 'Object Repository/Register/Page_frontend-web/i_AltaShop_v-icon notranslate fas fa-sign-i_3d16a9' is clicked on

2022-11-01 11:37:53 - [MESSAGE][PASSED] - Object: 'Object Repository/Register/Page_frontend-web/i_AltaShop_v-icon notranslate fas fa-sign-i_3d16a9' is clicked on

2022-11-01 11:37:53 - [TEST_STEP][PASSED] - click(findTestObject("Object Repository/Register/Page_frontend-web/a_Register")): Object: 'Object Repository/Register/Page_frontend-web/a_Register' is clicked on

2022-11-01 11:37:53 - [MESSAGE][PASSED] - Object: 'Object Repository/Register/Page_frontend-web/a_Register' is clicked on

2022-11-01 11:37:53 - [TEST_STEP][FAILED] - setText(findTestObject("Register/Page_frontend-web/input_Nama Lengkap_input-613"), "zackweb"): Unable to set text 'zackweb' of object 'Object Repository/Register/Page_frontend-web/input_Nama Lengkap_input-613' (Root cause: com.kms.katalon.core.exception.StepFailedException: Unable to set text 'zackweb' of object 'Object Repository/Register/Page_frontend-web/input_Nama Lengkap_input-613'
	at com.kms.katalon.core.webui.keyword.internal.WebUIKeywordMain.stepFailed(WebUIKeywordMain.groovy:64)
	at com.kms.katalon.core.webui.keyword.internal.WebUIKeywordMain.runKeyword(WebUIKeywordMain.groovy:26)
	at com.kms.katalon.core.webui.keyword.builtin.SetTextKeyword.setText(SetTextKeyword.groovy:66)
	at com.kms.katalon.core.webui.keyword.builtin.SetTextKeyword.execute(SetTextKeyword.groovy:37)
	at com.kms.katalon.core.keyword.internal.KeywordExecutor.executeKeywordForPlatform(KeywordExecutor.groovy:74)
	at com.kms.katalon.core.webui.keyword.WebUiBuiltInKeywords.setText(WebUiBuiltInKeywords.groovy:980)
	at com.kms.katalon.core.webui.keyword.WebUiBuiltInKeywords$setText$2.call(Unknown Source)
	at ATC01_Register.run(ATC01_Register:28)
	at com.kms.katalon.core.main.ScriptEngine.run(ScriptEngine.java:194)
	at com.kms.katalon.core.main.ScriptEngine.runScriptAsRawText(ScriptEngine.java:119)
	at com.kms.katalon.core.main.TestCaseExecutor.runScript(TestCaseExecutor.java:445)
	at com.kms.katalon.core.main.TestCaseExecutor.doExecute(TestCaseExecutor.java:436)
	at com.kms.katalon.core.main.TestCaseExecutor.processExecutionPhase(TestCaseExecutor.java:415)
	at com.kms.katalon.core.main.TestCaseExecutor.accessMainPhase(TestCaseExecutor.java:407)
	at com.kms.katalon.core.main.TestCaseExecutor.execute(TestCaseExecutor.java:284)
	at com.kms.katalon.core.common.CommonExecutor.accessTestCaseMainPhase(CommonExecutor.java:65)
	at com.kms.katalon.core.main.TestSuiteExecutor.accessTestSuiteMainPhase(TestSuiteExecutor.java:144)
	at com.kms.katalon.core.main.TestSuiteExecutor.execute(TestSuiteExecutor.java:106)
	at com.kms.katalon.core.main.TestCaseMain.startTestSuite(TestCaseMain.java:185)
	at com.kms.katalon.core.main.TestCaseMain$startTestSuite$0.call(Unknown Source)
	at TempTestSuite1667277442194.run(TempTestSuite1667277442194.groovy:36)
Caused by: com.kms.katalon.core.webui.exception.WebElementNotFoundException: Web element with id: 'Object Repository/Register/Page_frontend-web/input_Nama Lengkap_input-613' located by '//input[@id='input-613']' not found
	at com.kms.katalon.core.webui.common.WebUiCommonHelper.findWebElement(WebUiCommonHelper.java:1370)
	at com.kms.katalon.core.webui.keyword.internal.WebUIAbstractKeyword.findWebElement(WebUIAbstractKeyword.groovy:27)
	at com.kms.katalon.core.webui.keyword.internal.WebUIAbstractKeyword.findWebElement(WebUIAbstractKeyword.groovy:26)
	at com.kms.katalon.core.webui.keyword.builtin.SetTextKeyword$_setText_closure1.doCall(SetTextKeyword.groovy:51)
	at com.kms.katalon.core.webui.keyword.builtin.SetTextKeyword$_setText_closure1.call(SetTextKeyword.groovy)
	at com.kms.katalon.core.webui.keyword.internal.WebUIKeywordMain.runKeyword(WebUIKeywordMain.groovy:20)
	at com.kms.katalon.core.webui.keyword.builtin.SetTextKeyword.setText(SetTextKeyword.groovy:66)
	at com.kms.katalon.core.webui.keyword.builtin.SetTextKeyword.execute(SetTextKeyword.groovy:37)
	at com.kms.katalon.core.keyword.internal.KeywordExecutor.executeKeywordForPlatform(KeywordExecutor.groovy:74)
	at com.kms.katalon.core.webui.keyword.WebUiBuiltInKeywords.setText(WebUiBuiltInKeywords.groovy:980)
	at com.kms.katalon.core.webui.keyword.WebUiBuiltInKeywords$setText$2.call(Unknown Source)
	at Script1667203877756.run(Script1667203877756.groovy:28)
	... 13 more
)

2022-11-01 11:38:25 - [MESSAGE][INFO] - Unable to find the element located by 'By.xpath: //input[@id='input-613']'. Please recheck the objects properties to make sure the desired element is located. 

2022-11-01 11:38:25 - [MESSAGE][FAILED] - Unable to set text 'zackweb' of object 'Object Repository/Register/Page_frontend-web/input_Nama Lengkap_input-613' (Root cause: com.kms.katalon.core.exception.StepFailedException: Unable to set text 'zackweb' of object 'Object Repository/Register/Page_frontend-web/input_Nama Lengkap_input-613'
	at com.kms.katalon.core.webui.keyword.internal.WebUIKeywordMain.stepFailed(WebUIKeywordMain.groovy:64)
	at com.kms.katalon.core.webui.keyword.internal.WebUIKeywordMain.runKeyword(WebUIKeywordMain.groovy:26)
	at com.kms.katalon.core.webui.keyword.builtin.SetTextKeyword.setText(SetTextKeyword.groovy:66)
	at com.kms.katalon.core.webui.keyword.builtin.SetTextKeyword.execute(SetTextKeyword.groovy:37)
	at com.kms.katalon.core.keyword.internal.KeywordExecutor.executeKeywordForPlatform(KeywordExecutor.groovy:74)
	at com.kms.katalon.core.webui.keyword.WebUiBuiltInKeywords.setText(WebUiBuiltInKeywords.groovy:980)
	at com.kms.katalon.core.webui.keyword.WebUiBuiltInKeywords$setText$2.call(Unknown Source)
	at ATC01_Register.run(ATC01_Register:28)
	at com.kms.katalon.core.main.ScriptEngine.run(ScriptEngine.java:194)
	at com.kms.katalon.core.main.ScriptEngine.runScriptAsRawText(ScriptEngine.java:119)
	at com.kms.katalon.core.main.TestCaseExecutor.runScript(TestCaseExecutor.java:445)
	at com.kms.katalon.core.main.TestCaseExecutor.doExecute(TestCaseExecutor.java:436)
	at com.kms.katalon.core.main.TestCaseExecutor.processExecutionPhase(TestCaseExecutor.java:415)
	at com.kms.katalon.core.main.TestCaseExecutor.accessMainPhase(TestCaseExecutor.java:407)
	at com.kms.katalon.core.main.TestCaseExecutor.execute(TestCaseExecutor.java:284)
	at com.kms.katalon.core.common.CommonExecutor.accessTestCaseMainPhase(CommonExecutor.java:65)
	at com.kms.katalon.core.main.TestSuiteExecutor.accessTestSuiteMainPhase(TestSuiteExecutor.java:144)
	at com.kms.katalon.core.main.TestSuiteExecutor.execute(TestSuiteExecutor.java:106)
	at com.kms.katalon.core.main.TestCaseMain.startTestSuite(TestCaseMain.java:185)
	at com.kms.katalon.core.main.TestCaseMain$startTestSuite$0.call(Unknown Source)
	at TempTestSuite1667277442194.run(TempTestSuite1667277442194.groovy:36)
Caused by: com.kms.katalon.core.webui.exception.WebElementNotFoundException: Web element with id: 'Object Repository/Register/Page_frontend-web/input_Nama Lengkap_input-613' located by '//input[@id='input-613']' not found
	at com.kms.katalon.core.webui.common.WebUiCommonHelper.findWebElement(WebUiCommonHelper.java:1370)
	at com.kms.katalon.core.webui.keyword.internal.WebUIAbstractKeyword.findWebElement(WebUIAbstractKeyword.groovy:27)
	at com.kms.katalon.core.webui.keyword.internal.WebUIAbstractKeyword.findWebElement(WebUIAbstractKeyword.groovy:26)
	at com.kms.katalon.core.webui.keyword.builtin.SetTextKeyword$_setText_closure1.doCall(SetTextKeyword.groovy:51)
	at com.kms.katalon.core.webui.keyword.builtin.SetTextKeyword$_setText_closure1.call(SetTextKeyword.groovy)
	at com.kms.katalon.core.webui.keyword.internal.WebUIKeywordMain.runKeyword(WebUIKeywordMain.groovy:20)
	at com.kms.katalon.core.webui.keyword.builtin.SetTextKeyword.setText(SetTextKeyword.groovy:66)
	at com.kms.katalon.core.webui.keyword.builtin.SetTextKeyword.execute(SetTextKeyword.groovy:37)
	at com.kms.katalon.core.keyword.internal.KeywordExecutor.executeKeywordForPlatform(KeywordExecutor.groovy:74)
	at com.kms.katalon.core.webui.keyword.WebUiBuiltInKeywords.setText(WebUiBuiltInKeywords.groovy:980)
	at com.kms.katalon.core.webui.keyword.WebUiBuiltInKeywords$setText$2.call(Unknown Source)
	at Script1667203877756.run(Script1667203877756.groovy:28)
	... 13 more
)
[[ATTACHMENT|C:\\Users\\Athif\\git\\MiniprojectWeb\\Reports\\20221101_113722\\ATC_Test Suite\\20221101_113722\\1667277505383.png]]]]></system-out>
         <system-err><![CDATA[2022-11-01 11:37:31 - [TEST_CASE][FAILED] - Test Cases/ATC/ATC01_Register: Test Cases/ATC/ATC01_Register FAILED.
Reason:
com.kms.katalon.core.exception.StepFailedException: Unable to set text 'zackweb' of object 'Object Repository/Register/Page_frontend-web/input_Nama Lengkap_input-613'
	at com.kms.katalon.core.webui.keyword.internal.WebUIKeywordMain.stepFailed(WebUIKeywordMain.groovy:64)
	at com.kms.katalon.core.webui.keyword.internal.WebUIKeywordMain.runKeyword(WebUIKeywordMain.groovy:26)
	at com.kms.katalon.core.webui.keyword.builtin.SetTextKeyword.setText(SetTextKeyword.groovy:66)
	at com.kms.katalon.core.webui.keyword.builtin.SetTextKeyword.execute(SetTextKeyword.groovy:37)
	at com.kms.katalon.core.keyword.internal.KeywordExecutor.executeKeywordForPlatform(KeywordExecutor.groovy:74)
	at com.kms.katalon.core.webui.keyword.WebUiBuiltInKeywords.setText(WebUiBuiltInKeywords.groovy:980)
	at com.kms.katalon.core.webui.keyword.WebUiBuiltInKeywords$setText$2.call(Unknown Source)
	at ATC01_Register.run(ATC01_Register:28)
	at com.kms.katalon.core.main.ScriptEngine.run(ScriptEngine.java:194)
	at com.kms.katalon.core.main.ScriptEngine.runScriptAsRawText(ScriptEngine.java:119)
	at com.kms.katalon.core.main.TestCaseExecutor.runScript(TestCaseExecutor.java:445)
	at com.kms.katalon.core.main.TestCaseExecutor.doExecute(TestCaseExecutor.java:436)
	at com.kms.katalon.core.main.TestCaseExecutor.processExecutionPhase(TestCaseExecutor.java:415)
	at com.kms.katalon.core.main.TestCaseExecutor.accessMainPhase(TestCaseExecutor.java:407)
	at com.kms.katalon.core.main.TestCaseExecutor.execute(TestCaseExecutor.java:284)
	at com.kms.katalon.core.common.CommonExecutor.accessTestCaseMainPhase(CommonExecutor.java:65)
	at com.kms.katalon.core.main.TestSuiteExecutor.accessTestSuiteMainPhase(TestSuiteExecutor.java:144)
	at com.kms.katalon.core.main.TestSuiteExecutor.execute(TestSuiteExecutor.java:106)
	at com.kms.katalon.core.main.TestCaseMain.startTestSuite(TestCaseMain.java:185)
	at com.kms.katalon.core.main.TestCaseMain$startTestSuite$0.call(Unknown Source)
	at TempTestSuite1667277442194.run(TempTestSuite1667277442194.groovy:36)
Caused by: com.kms.katalon.core.webui.exception.WebElementNotFoundException: Web element with id: 'Object Repository/Register/Page_frontend-web/input_Nama Lengkap_input-613' located by '//input[@id='input-613']' not found
	at com.kms.katalon.core.webui.common.WebUiCommonHelper.findWebElement(WebUiCommonHelper.java:1370)
	at com.kms.katalon.core.webui.keyword.internal.WebUIAbstractKeyword.findWebElement(WebUIAbstractKeyword.groovy:27)
	at com.kms.katalon.core.webui.keyword.internal.WebUIAbstractKeyword.findWebElement(WebUIAbstractKeyword.groovy:26)
	at com.kms.katalon.core.webui.keyword.builtin.SetTextKeyword$_setText_closure1.doCall(SetTextKeyword.groovy:51)
	at com.kms.katalon.core.webui.keyword.builtin.SetTextKeyword$_setText_closure1.call(SetTextKeyword.groovy)
	at com.kms.katalon.core.webui.keyword.internal.WebUIKeywordMain.runKeyword(WebUIKeywordMain.groovy:20)
	... 19 more]]></system-err>
      </testcase>
      <testcase name="Test Cases/ATC/ATC02_Login" time="18.006" classname="Test Cases/ATC/ATC02_Login" status="PASSED">
         <system-out><![CDATA[2022-11-01 11:38:25 - [TEST_CASE][PASSED] - Test Cases/ATC/ATC02_Login: Test Cases/ATC/ATC02_Login

2022-11-01 11:38:26 - [TEST_STEP][PASSED] - openBrowser(""): Browser is opened with url: ''

2022-11-01 11:38:26 - [MESSAGE][WARNING] - A browser is already opened. Closing browser and opening a new one

2022-11-01 11:38:28 - [MESSAGE][INFO] - Starting 'Chrome' driver

2022-11-01 11:38:28 - [MESSAGE][INFO] - Action delay is set to 0 milliseconds

2022-11-01 11:38:29 - [MESSAGE][PASSED] - Browser is opened with url: ''

2022-11-01 11:38:29 - [TEST_STEP][PASSED] - navigateToUrl("https://alta-shop.vercel.app/"): Navigate to 'https://alta-shop.vercel.app/' successfully

2022-11-01 11:38:33 - [MESSAGE][PASSED] - Navigate to 'https://alta-shop.vercel.app/' successfully

2022-11-01 11:38:33 - [TEST_STEP][PASSED] - click(findTestObject("Object Repository/Login/Page_frontend-web/i_AltaShop_v-icon notranslate fas fa-sign-i_3d16a9")): Object: 'Object Repository/Login/Page_frontend-web/i_AltaShop_v-icon notranslate fas fa-sign-i_3d16a9' is clicked on

2022-11-01 11:38:36 - [MESSAGE][PASSED] - Object: 'Object Repository/Login/Page_frontend-web/i_AltaShop_v-icon notranslate fas fa-sign-i_3d16a9' is clicked on

2022-11-01 11:38:36 - [TEST_STEP][PASSED] - setText(findTestObject("Login/Page_frontend-web/input_Email_input-602"), "zack@gmail.com"): Text 'zack@gmail.com' is set on object 'Object Repository/Login/Page_frontend-web/input_Email_input-602'

2022-11-01 11:38:38 - [MESSAGE][PASSED] - Text 'zack@gmail.com' is set on object 'Object Repository/Login/Page_frontend-web/input_Email_input-602'

2022-11-01 11:38:38 - [TEST_STEP][PASSED] - setText(findTestObject("Object Repository/Login/Page_frontend-web/input_Password_input-605"), "zack123"): Text 'zack123' is set on object 'Object Repository/Login/Page_frontend-web/input_Password_input-605'

2022-11-01 11:38:39 - [MESSAGE][PASSED] - Text 'zack123' is set on object 'Object Repository/Login/Page_frontend-web/input_Password_input-605'

2022-11-01 11:38:39 - [TEST_STEP][PASSED] - click(findTestObject("Object Repository/Login/Page_frontend-web/span_Login")): Object: 'Object Repository/Login/Page_frontend-web/span_Login' is clicked on

2022-11-01 11:38:39 - [MESSAGE][PASSED] - Object: 'Object Repository/Login/Page_frontend-web/span_Login' is clicked on

2022-11-01 11:38:39 - [TEST_STEP][PASSED] - verifyElementPresent(findTestObject("Object Repository/Login/Page_frontend-web/div_AltaShop_v-select__selections"), 0): Object 'Object Repository/Login/Page_frontend-web/div_AltaShop_v-select__selections' is present

2022-11-01 11:38:39 - [MESSAGE][WARNING] - Timeout '0' is invalid. Using default page load timeout: '30'

2022-11-01 11:38:42 - [MESSAGE][PASSED] - Object 'Object Repository/Login/Page_frontend-web/div_AltaShop_v-select__selections' is present

2022-11-01 11:38:42 - [TEST_STEP][PASSED] - closeBrowser(): Browser is closed

2022-11-01 11:38:43 - [MESSAGE][PASSED] - Browser is closed]]></system-out>
         <system-err><![CDATA[]]></system-err>
      </testcase>
      <testcase name="Test Cases/ATC/ATC03_Logout" time="17.111" classname="Test Cases/ATC/ATC03_Logout" status="PASSED">
         <system-out><![CDATA[2022-11-01 11:38:43 - [TEST_CASE][PASSED] - Test Cases/ATC/ATC03_Logout: Test Cases/ATC/ATC03_Logout

2022-11-01 11:38:44 - [TEST_STEP][PASSED] - openBrowser(""): Browser is opened with url: ''

2022-11-01 11:38:44 - [MESSAGE][INFO] - Starting 'Chrome' driver

2022-11-01 11:38:44 - [MESSAGE][INFO] - Action delay is set to 0 milliseconds

2022-11-01 11:38:46 - [MESSAGE][PASSED] - Browser is opened with url: ''

2022-11-01 11:38:46 - [TEST_STEP][PASSED] - navigateToUrl("https://alta-shop.vercel.app/"): Navigate to 'https://alta-shop.vercel.app/' successfully

2022-11-01 11:38:50 - [MESSAGE][PASSED] - Navigate to 'https://alta-shop.vercel.app/' successfully

2022-11-01 11:38:50 - [TEST_STEP][PASSED] - click(findTestObject("Object Repository/Logout/Page_frontend-web/i_AltaShop_v-icon notranslate fas fa-sign-i_3d16a9")): Object: 'Object Repository/Logout/Page_frontend-web/i_AltaShop_v-icon notranslate fas fa-sign-i_3d16a9' is clicked on

2022-11-01 11:38:52 - [MESSAGE][PASSED] - Object: 'Object Repository/Logout/Page_frontend-web/i_AltaShop_v-icon notranslate fas fa-sign-i_3d16a9' is clicked on

2022-11-01 11:38:52 - [TEST_STEP][PASSED] - setText(findTestObject("Object Repository/Logout/Page_frontend-web/input_Email_input-602"), "zack@gmail.com"): Text 'zack@gmail.com' is set on object 'Object Repository/Logout/Page_frontend-web/input_Email_input-602'

2022-11-01 11:38:53 - [MESSAGE][PASSED] - Text 'zack@gmail.com' is set on object 'Object Repository/Logout/Page_frontend-web/input_Email_input-602'

2022-11-01 11:38:53 - [TEST_STEP][PASSED] - setText(findTestObject("Object Repository/Logout/Page_frontend-web/input_Password_input-605"), "zack123"): Text 'zack123' is set on object 'Object Repository/Logout/Page_frontend-web/input_Password_input-605'

2022-11-01 11:38:54 - [MESSAGE][PASSED] - Text 'zack123' is set on object 'Object Repository/Logout/Page_frontend-web/input_Password_input-605'

2022-11-01 11:38:54 - [TEST_STEP][PASSED] - click(findTestObject("Object Repository/Logout/Page_frontend-web/span_Login")): Object: 'Object Repository/Logout/Page_frontend-web/span_Login' is clicked on

2022-11-01 11:38:55 - [MESSAGE][PASSED] - Object: 'Object Repository/Logout/Page_frontend-web/span_Login' is clicked on

2022-11-01 11:38:55 - [TEST_STEP][PASSED] - verifyElementPresent(findTestObject("Object Repository/Logout/Page_frontend-web/div_AltaShop_v-select__selections"), 0): Object 'Object Repository/Logout/Page_frontend-web/div_AltaShop_v-select__selections' is present

2022-11-01 11:38:55 - [MESSAGE][WARNING] - Timeout '0' is invalid. Using default page load timeout: '30'

2022-11-01 11:38:58 - [MESSAGE][PASSED] - Object 'Object Repository/Logout/Page_frontend-web/div_AltaShop_v-select__selections' is present

2022-11-01 11:38:58 - [TEST_STEP][PASSED] - click(findTestObject("Object Repository/Logout/Page_frontend-web/i_AltaShop_v-icon notranslate fas fa-user t_f0827e")): Object: 'Object Repository/Logout/Page_frontend-web/i_AltaShop_v-icon notranslate fas fa-user t_f0827e' is clicked on

2022-11-01 11:38:59 - [MESSAGE][PASSED] - Object: 'Object Repository/Logout/Page_frontend-web/i_AltaShop_v-icon notranslate fas fa-user t_f0827e' is clicked on

2022-11-01 11:38:59 - [TEST_STEP][PASSED] - click(findTestObject("Logout/Page_frontend-web/i_Transaksi_v-icon notranslate fas fa-sign-in theme--light")): Object: 'Object Repository/Logout/Page_frontend-web/i_Transaksi_v-icon notranslate fas fa-sign-in theme--light' is clicked on

2022-11-01 11:38:59 - [MESSAGE][PASSED] - Object: 'Object Repository/Logout/Page_frontend-web/i_Transaksi_v-icon notranslate fas fa-sign-in theme--light' is clicked on

2022-11-01 11:38:59 - [TEST_STEP][PASSED] - verifyElementPresent(findTestObject("Object Repository/Logout/Page_frontend-web/div_Login"), 0): Object 'Object Repository/Logout/Page_frontend-web/div_Login' is present

2022-11-01 11:38:59 - [MESSAGE][WARNING] - Timeout '0' is invalid. Using default page load timeout: '30'

2022-11-01 11:39:00 - [MESSAGE][PASSED] - Object 'Object Repository/Logout/Page_frontend-web/div_Login' is present

2022-11-01 11:39:00 - [TEST_STEP][PASSED] - closeBrowser(): Browser is closed

2022-11-01 11:39:00 - [MESSAGE][PASSED] - Browser is closed]]></system-out>
         <system-err><![CDATA[]]></system-err>
      </testcase>
      <testcase name="Test Cases/ATC/ATC04_Categories" time="12.04" classname="Test Cases/ATC/ATC04_Categories" status="PASSED">
         <system-out><![CDATA[2022-11-01 11:39:00 - [TEST_CASE][PASSED] - Test Cases/ATC/ATC04_Categories: Test Cases/ATC/ATC04_Categories

2022-11-01 11:39:01 - [TEST_STEP][PASSED] - openBrowser(""): Browser is opened with url: ''

2022-11-01 11:39:01 - [MESSAGE][INFO] - Starting 'Chrome' driver

2022-11-01 11:39:01 - [MESSAGE][INFO] - Action delay is set to 0 milliseconds

2022-11-01 11:39:03 - [MESSAGE][PASSED] - Browser is opened with url: ''

2022-11-01 11:39:03 - [TEST_STEP][PASSED] - navigateToUrl("https://alta-shop.vercel.app/"): Navigate to 'https://alta-shop.vercel.app/' successfully

2022-11-01 11:39:08 - [MESSAGE][PASSED] - Navigate to 'https://alta-shop.vercel.app/' successfully

2022-11-01 11:39:08 - [TEST_STEP][PASSED] - click(findTestObject("Object Repository/Categories/Page_frontend-web/div_AltaShop_v-select__selections")): Object: 'Object Repository/Categories/Page_frontend-web/div_AltaShop_v-select__selections' is clicked on

2022-11-01 11:39:10 - [MESSAGE][PASSED] - Object: 'Object Repository/Categories/Page_frontend-web/div_AltaShop_v-select__selections' is clicked on

2022-11-01 11:39:10 - [TEST_STEP][PASSED] - click(findTestObject("Object Repository/Categories/Page_frontend-web/div_Dolanan")): Object: 'Object Repository/Categories/Page_frontend-web/div_Dolanan' is clicked on

2022-11-01 11:39:11 - [MESSAGE][PASSED] - Object: 'Object Repository/Categories/Page_frontend-web/div_Dolanan' is clicked on

2022-11-01 11:39:11 - [TEST_STEP][PASSED] - verifyElementPresent(findTestObject("Object Repository/Categories/Page_frontend-web/button_Dolanan_v-icon notranslate v-icon--l_dd68f6"), 0): Object 'Object Repository/Categories/Page_frontend-web/button_Dolanan_v-icon notranslate v-icon--l_dd68f6' is present

2022-11-01 11:39:11 - [MESSAGE][WARNING] - Timeout '0' is invalid. Using default page load timeout: '30'

2022-11-01 11:39:12 - [MESSAGE][PASSED] - Object 'Object Repository/Categories/Page_frontend-web/button_Dolanan_v-icon notranslate v-icon--l_dd68f6' is present

2022-11-01 11:39:12 - [TEST_STEP][PASSED] - closeBrowser(): Browser is closed

2022-11-01 11:39:12 - [MESSAGE][PASSED] - Browser is closed]]></system-out>
         <system-err><![CDATA[]]></system-err>
      </testcase>
      <testcase name="Test Cases/ATC/ATC05_Clearing Categories" time="16.466" classname="Test Cases/ATC/ATC05_Clearing Categories" status="PASSED">
         <system-out><![CDATA[2022-11-01 11:39:12 - [TEST_CASE][PASSED] - Test Cases/ATC/ATC05_Clearing Categories: Test Cases/ATC/ATC05_Clearing Categories

2022-11-01 11:39:13 - [TEST_STEP][PASSED] - openBrowser(""): Browser is opened with url: ''

2022-11-01 11:39:13 - [MESSAGE][INFO] - Starting 'Chrome' driver

2022-11-01 11:39:13 - [MESSAGE][INFO] - Action delay is set to 0 milliseconds

2022-11-01 11:39:15 - [MESSAGE][PASSED] - Browser is opened with url: ''

2022-11-01 11:39:15 - [TEST_STEP][PASSED] - navigateToUrl("https://alta-shop.vercel.app/"): Navigate to 'https://alta-shop.vercel.app/' successfully

2022-11-01 11:39:19 - [MESSAGE][PASSED] - Navigate to 'https://alta-shop.vercel.app/' successfully

2022-11-01 11:39:19 - [TEST_STEP][PASSED] - click(findTestObject("Object Repository/Categories/Page_frontend-web/div_AltaShop_v-select__selections")): Object: 'Object Repository/Categories/Page_frontend-web/div_AltaShop_v-select__selections' is clicked on

2022-11-01 11:39:22 - [MESSAGE][PASSED] - Object: 'Object Repository/Categories/Page_frontend-web/div_AltaShop_v-select__selections' is clicked on

2022-11-01 11:39:22 - [TEST_STEP][PASSED] - click(findTestObject("Object Repository/Categories/Page_frontend-web/div_Dolanan")): Object: 'Object Repository/Categories/Page_frontend-web/div_Dolanan' is clicked on

2022-11-01 11:39:23 - [MESSAGE][PASSED] - Object: 'Object Repository/Categories/Page_frontend-web/div_Dolanan' is clicked on

2022-11-01 11:39:23 - [TEST_STEP][PASSED] - click(findTestObject("Object Repository/Categories/Page_frontend-web/button_Dolanan_v-icon notranslate v-icon--l_dd68f6"), STOP_ON_FAILURE): Object: 'Object Repository/Categories/Page_frontend-web/button_Dolanan_v-icon notranslate v-icon--l_dd68f6' is clicked on

2022-11-01 11:39:24 - [MESSAGE][PASSED] - Object: 'Object Repository/Categories/Page_frontend-web/button_Dolanan_v-icon notranslate v-icon--l_dd68f6' is clicked on

2022-11-01 11:39:24 - [TEST_STEP][PASSED] - verifyElementNotPresent(findTestObject("Object Repository/Categories/Page_frontend-web/button_Dolanan_v-icon notranslate v-icon--l_dd68f6"), 0): Web element with id: 'Object Repository/Categories/Page_frontend-web/button_Dolanan_v-icon notranslate v-icon--l_dd68f6' located by 'By.xpath: /html/body/div/div[1]/main/div/div/div[1]/div/div[1]/div[1]/div[2]/div/button' is not present after '30' second(s)

2022-11-01 11:39:25 - [MESSAGE][WARNING] - Timeout '0' is invalid. Using default page load timeout: '30'

2022-11-01 11:39:27 - [MESSAGE][PASSED] - Web element with id: 'Object Repository/Categories/Page_frontend-web/button_Dolanan_v-icon notranslate v-icon--l_dd68f6' located by 'By.xpath: /html/body/div/div[1]/main/div/div/div[1]/div/div[1]/div[1]/div[2]/div/button' is not present after '30' second(s)

2022-11-01 11:39:27 - [TEST_STEP][PASSED] - closeBrowser(): Browser is closed

2022-11-01 11:39:29 - [MESSAGE][PASSED] - Browser is closed]]></system-out>
         <system-err><![CDATA[]]></system-err>
      </testcase>
      <testcase name="Test Cases/ATC/ATC06_Add Product to Cart" time="15.589" classname="Test Cases/ATC/ATC06_Add Product to Cart" status="PASSED">
         <system-out><![CDATA[2022-11-01 11:39:29 - [TEST_CASE][PASSED] - Test Cases/ATC/ATC06_Add Product to Cart: Test Cases/ATC/ATC06_Add Product to Cart

2022-11-01 11:39:29 - [TEST_STEP][PASSED] - openBrowser(""): Browser is opened with url: ''

2022-11-01 11:39:29 - [MESSAGE][INFO] - Starting 'Chrome' driver

2022-11-01 11:39:29 - [MESSAGE][INFO] - Action delay is set to 0 milliseconds

2022-11-01 11:39:31 - [MESSAGE][PASSED] - Browser is opened with url: ''

2022-11-01 11:39:31 - [TEST_STEP][PASSED] - navigateToUrl("https://alta-shop.vercel.app/"): Navigate to 'https://alta-shop.vercel.app/' successfully

2022-11-01 11:39:34 - [MESSAGE][PASSED] - Navigate to 'https://alta-shop.vercel.app/' successfully

2022-11-01 11:39:34 - [TEST_STEP][PASSED] - click(findTestObject("Object Repository/Product/Page_frontend-web/i_AltaShop_v-icon notranslate fas fa-sign-i_3d16a9")): Object: 'Object Repository/Product/Page_frontend-web/i_AltaShop_v-icon notranslate fas fa-sign-i_3d16a9' is clicked on

2022-11-01 11:39:37 - [MESSAGE][PASSED] - Object: 'Object Repository/Product/Page_frontend-web/i_AltaShop_v-icon notranslate fas fa-sign-i_3d16a9' is clicked on

2022-11-01 11:39:37 - [TEST_STEP][PASSED] - setText(findTestObject("Login/Page_frontend-web/input_Email_input-602"), "zack@gmail.com"): Text 'zack@gmail.com' is set on object 'Object Repository/Login/Page_frontend-web/input_Email_input-602'

2022-11-01 11:39:38 - [MESSAGE][PASSED] - Text 'zack@gmail.com' is set on object 'Object Repository/Login/Page_frontend-web/input_Email_input-602'

2022-11-01 11:39:38 - [TEST_STEP][PASSED] - setText(findTestObject("Login/Page_frontend-web/input_Password_input-605"), "zack123"): Text 'zack123' is set on object 'Object Repository/Login/Page_frontend-web/input_Password_input-605'

2022-11-01 11:39:39 - [MESSAGE][PASSED] - Text 'zack123' is set on object 'Object Repository/Login/Page_frontend-web/input_Password_input-605'

2022-11-01 11:39:39 - [TEST_STEP][PASSED] - click(findTestObject("Object Repository/Product/Page_frontend-web/span_Login")): Object: 'Object Repository/Product/Page_frontend-web/span_Login' is clicked on

2022-11-01 11:39:39 - [MESSAGE][PASSED] - Object: 'Object Repository/Product/Page_frontend-web/span_Login' is clicked on

2022-11-01 11:39:39 - [TEST_STEP][PASSED] - click(findTestObject("Object Repository/Product/Page_frontend-web/span_Beli")): Object: 'Object Repository/Product/Page_frontend-web/span_Beli' is clicked on

2022-11-01 11:39:43 - [MESSAGE][PASSED] - Object: 'Object Repository/Product/Page_frontend-web/span_Beli' is clicked on

2022-11-01 11:39:43 - [TEST_STEP][PASSED] - click(findTestObject("Product/Page_frontend-web/i_AltaShop_v-icon notranslate fas fa-shopping-cart theme--dark")): Object: 'Object Repository/Product/Page_frontend-web/i_AltaShop_v-icon notranslate fas fa-shopping-cart theme--dark' is clicked on

2022-11-01 11:39:43 - [MESSAGE][PASSED] - Object: 'Object Repository/Product/Page_frontend-web/i_AltaShop_v-icon notranslate fas fa-shopping-cart theme--dark' is clicked on

2022-11-01 11:39:43 - [TEST_STEP][PASSED] - verifyElementPresent(findTestObject("Product/Page_frontend-web/Total_Cart_item_1"), 0): Object 'Object Repository/Product/Page_frontend-web/Total_Cart_item_1' is present

2022-11-01 11:39:43 - [MESSAGE][WARNING] - Timeout '0' is invalid. Using default page load timeout: '30'

2022-11-01 11:39:44 - [MESSAGE][PASSED] - Object 'Object Repository/Product/Page_frontend-web/Total_Cart_item_1' is present

2022-11-01 11:39:44 - [TEST_STEP][PASSED] - closeBrowser(): Browser is closed

2022-11-01 11:39:44 - [MESSAGE][PASSED] - Browser is closed]]></system-out>
         <system-err><![CDATA[]]></system-err>
      </testcase>
      <testcase name="Test Cases/ATC/ATC07_Increasing Product Total in Cart" time="17.553" classname="Test Cases/ATC/ATC07_Increasing Product Total in Cart" status="PASSED">
         <system-out><![CDATA[2022-11-01 11:39:44 - [TEST_CASE][PASSED] - Test Cases/ATC/ATC07_Increasing Product Total in Cart: Test Cases/ATC/ATC07_Increasing Product Total in Cart

2022-11-01 11:39:45 - [TEST_STEP][PASSED] - openBrowser(""): Browser is opened with url: ''

2022-11-01 11:39:45 - [MESSAGE][INFO] - Starting 'Chrome' driver

2022-11-01 11:39:45 - [MESSAGE][INFO] - Action delay is set to 0 milliseconds

2022-11-01 11:39:47 - [MESSAGE][PASSED] - Browser is opened with url: ''

2022-11-01 11:39:47 - [TEST_STEP][PASSED] - navigateToUrl("https://alta-shop.vercel.app/"): Navigate to 'https://alta-shop.vercel.app/' successfully

2022-11-01 11:39:51 - [MESSAGE][PASSED] - Navigate to 'https://alta-shop.vercel.app/' successfully

2022-11-01 11:39:51 - [TEST_STEP][PASSED] - click(findTestObject("Object Repository/Product/Page_frontend-web/i_AltaShop_v-icon notranslate fas fa-sign-i_3d16a9")): Object: 'Object Repository/Product/Page_frontend-web/i_AltaShop_v-icon notranslate fas fa-sign-i_3d16a9' is clicked on

2022-11-01 11:39:53 - [MESSAGE][PASSED] - Object: 'Object Repository/Product/Page_frontend-web/i_AltaShop_v-icon notranslate fas fa-sign-i_3d16a9' is clicked on

2022-11-01 11:39:53 - [TEST_STEP][PASSED] - setText(findTestObject("Login/Page_frontend-web/input_Email_input-602"), "zack@gmail.com"): Text 'zack@gmail.com' is set on object 'Object Repository/Login/Page_frontend-web/input_Email_input-602'

2022-11-01 11:39:55 - [MESSAGE][PASSED] - Text 'zack@gmail.com' is set on object 'Object Repository/Login/Page_frontend-web/input_Email_input-602'

2022-11-01 11:39:55 - [TEST_STEP][PASSED] - setText(findTestObject("Login/Page_frontend-web/input_Password_input-605"), "zack123"): Text 'zack123' is set on object 'Object Repository/Login/Page_frontend-web/input_Password_input-605'

2022-11-01 11:39:55 - [MESSAGE][PASSED] - Text 'zack123' is set on object 'Object Repository/Login/Page_frontend-web/input_Password_input-605'

2022-11-01 11:39:55 - [TEST_STEP][PASSED] - click(findTestObject("Object Repository/Product/Page_frontend-web/span_Login")): Object: 'Object Repository/Product/Page_frontend-web/span_Login' is clicked on

2022-11-01 11:39:56 - [MESSAGE][PASSED] - Object: 'Object Repository/Product/Page_frontend-web/span_Login' is clicked on

2022-11-01 11:39:56 - [TEST_STEP][PASSED] - click(findTestObject("Object Repository/Product/Page_frontend-web/span_Beli")): Object: 'Object Repository/Product/Page_frontend-web/span_Beli' is clicked on

2022-11-01 11:39:59 - [MESSAGE][PASSED] - Object: 'Object Repository/Product/Page_frontend-web/span_Beli' is clicked on

2022-11-01 11:39:59 - [TEST_STEP][PASSED] - click(findTestObject("Object Repository/Product/Page_frontend-web/i_AltaShop_v-icon notranslate fas fa-shoppi_c66ce9")): Object: 'Object Repository/Product/Page_frontend-web/i_AltaShop_v-icon notranslate fas fa-shoppi_c66ce9' is clicked on

2022-11-01 11:40:00 - [MESSAGE][PASSED] - Object: 'Object Repository/Product/Page_frontend-web/i_AltaShop_v-icon notranslate fas fa-shoppi_c66ce9' is clicked on

2022-11-01 11:40:00 - [TEST_STEP][PASSED] - click(findTestObject("Product/Page_frontend-web/Increas_Button")): Object: 'Object Repository/Product/Page_frontend-web/Increas_Button' is clicked on

2022-11-01 11:40:00 - [MESSAGE][PASSED] - Object: 'Object Repository/Product/Page_frontend-web/Increas_Button' is clicked on

2022-11-01 11:40:00 - [TEST_STEP][PASSED] - verifyElementText(findTestObject("Object Repository/Product/Page_frontend-web/span_2"), "2"): Actual text and expected text of test object 'Object Repository/Product/Page_frontend-web/span_2' are matched.

2022-11-01 11:40:01 - [MESSAGE][PASSED] - Actual text and expected text of test object 'Object Repository/Product/Page_frontend-web/span_2' are matched.

2022-11-01 11:40:01 - [TEST_STEP][PASSED] - closeBrowser(): Browser is closed

2022-11-01 11:40:02 - [MESSAGE][PASSED] - Browser is closed]]></system-out>
         <system-err><![CDATA[]]></system-err>
      </testcase>
      <testcase name="Test Cases/ATC/ATC08_Decreasing Product Total in Cart" time="16.784" classname="Test Cases/ATC/ATC08_Decreasing Product Total in Cart" status="PASSED">
         <system-out><![CDATA[2022-11-01 11:40:02 - [TEST_CASE][PASSED] - Test Cases/ATC/ATC08_Decreasing Product Total in Cart: Test Cases/ATC/ATC08_Decreasing Product Total in Cart

2022-11-01 11:40:02 - [TEST_STEP][PASSED] - openBrowser(""): Browser is opened with url: ''

2022-11-01 11:40:02 - [MESSAGE][INFO] - Starting 'Chrome' driver

2022-11-01 11:40:02 - [MESSAGE][INFO] - Action delay is set to 0 milliseconds

2022-11-01 11:40:04 - [MESSAGE][PASSED] - Browser is opened with url: ''

2022-11-01 11:40:04 - [TEST_STEP][PASSED] - navigateToUrl("https://alta-shop.vercel.app/"): Navigate to 'https://alta-shop.vercel.app/' successfully

2022-11-01 11:40:08 - [MESSAGE][PASSED] - Navigate to 'https://alta-shop.vercel.app/' successfully

2022-11-01 11:40:08 - [TEST_STEP][PASSED] - click(findTestObject("Object Repository/Product/Page_frontend-web/i_AltaShop_v-icon notranslate fas fa-sign-i_3d16a9")): Object: 'Object Repository/Product/Page_frontend-web/i_AltaShop_v-icon notranslate fas fa-sign-i_3d16a9' is clicked on

2022-11-01 11:40:10 - [MESSAGE][PASSED] - Object: 'Object Repository/Product/Page_frontend-web/i_AltaShop_v-icon notranslate fas fa-sign-i_3d16a9' is clicked on

2022-11-01 11:40:10 - [TEST_STEP][PASSED] - setText(findTestObject("Login/Page_frontend-web/input_Email_input-602"), "zack@gmail.com"): Text 'zack@gmail.com' is set on object 'Object Repository/Login/Page_frontend-web/input_Email_input-602'

2022-11-01 11:40:11 - [MESSAGE][PASSED] - Text 'zack@gmail.com' is set on object 'Object Repository/Login/Page_frontend-web/input_Email_input-602'

2022-11-01 11:40:11 - [TEST_STEP][PASSED] - setText(findTestObject("Login/Page_frontend-web/input_Password_input-605"), "zack123"): Text 'zack123' is set on object 'Object Repository/Login/Page_frontend-web/input_Password_input-605'

2022-11-01 11:40:12 - [MESSAGE][PASSED] - Text 'zack123' is set on object 'Object Repository/Login/Page_frontend-web/input_Password_input-605'

2022-11-01 11:40:12 - [TEST_STEP][PASSED] - click(findTestObject("Object Repository/Product/Page_frontend-web/span_Login")): Object: 'Object Repository/Product/Page_frontend-web/span_Login' is clicked on

2022-11-01 11:40:12 - [MESSAGE][PASSED] - Object: 'Object Repository/Product/Page_frontend-web/span_Login' is clicked on

2022-11-01 11:40:12 - [TEST_STEP][PASSED] - click(findTestObject("Object Repository/Product/Page_frontend-web/span_Beli")): Object: 'Object Repository/Product/Page_frontend-web/span_Beli' is clicked on

2022-11-01 11:40:16 - [MESSAGE][PASSED] - Object: 'Object Repository/Product/Page_frontend-web/span_Beli' is clicked on

2022-11-01 11:40:16 - [TEST_STEP][PASSED] - click(findTestObject("Object Repository/Product/Page_frontend-web/i_AltaShop_v-icon notranslate fas fa-shoppi_c66ce9")): Object: 'Object Repository/Product/Page_frontend-web/i_AltaShop_v-icon notranslate fas fa-shoppi_c66ce9' is clicked on

2022-11-01 11:40:16 - [MESSAGE][PASSED] - Object: 'Object Repository/Product/Page_frontend-web/i_AltaShop_v-icon notranslate fas fa-shoppi_c66ce9' is clicked on

2022-11-01 11:40:16 - [TEST_STEP][PASSED] - click(findTestObject("Product/Page_frontend-web/Increas_Button")): Object: 'Object Repository/Product/Page_frontend-web/Increas_Button' is clicked on

2022-11-01 11:40:17 - [MESSAGE][PASSED] - Object: 'Object Repository/Product/Page_frontend-web/Increas_Button' is clicked on

2022-11-01 11:40:17 - [TEST_STEP][PASSED] - verifyElementText(findTestObject("Object Repository/Product/Page_frontend-web/span_2"), "2"): Actual text and expected text of test object 'Object Repository/Product/Page_frontend-web/span_2' are matched.

2022-11-01 11:40:17 - [MESSAGE][PASSED] - Actual text and expected text of test object 'Object Repository/Product/Page_frontend-web/span_2' are matched.

2022-11-01 11:40:17 - [TEST_STEP][PASSED] - click(findTestObject("Product/Page_frontend-web/decrease_button")): Object: 'Object Repository/Product/Page_frontend-web/decrease_button' is clicked on

2022-11-01 11:40:18 - [MESSAGE][PASSED] - Object: 'Object Repository/Product/Page_frontend-web/decrease_button' is clicked on

2022-11-01 11:40:18 - [TEST_STEP][PASSED] - verifyElementText(findTestObject("Product/Page_frontend-web/span_2"), "1"): Actual text and expected text of test object 'Object Repository/Product/Page_frontend-web/span_2' are matched.

2022-11-01 11:40:18 - [MESSAGE][PASSED] - Actual text and expected text of test object 'Object Repository/Product/Page_frontend-web/span_2' are matched.

2022-11-01 11:40:18 - [TEST_STEP][PASSED] - closeBrowser(): Browser is closed

2022-11-01 11:40:19 - [MESSAGE][PASSED] - Browser is closed]]></system-out>
         <system-err><![CDATA[]]></system-err>
      </testcase>
      <testcase name="Test Cases/ATC/ATC09_Pay the Product From Cart" time="17.627" classname="Test Cases/ATC/ATC09_Pay the Product From Cart" status="PASSED">
         <system-out><![CDATA[2022-11-01 11:40:19 - [TEST_CASE][PASSED] - Test Cases/ATC/ATC09_Pay the Product From Cart: Test Cases/ATC/ATC09_Pay the Product From Cart

2022-11-01 11:40:19 - [TEST_STEP][PASSED] - openBrowser(""): Browser is opened with url: ''

2022-11-01 11:40:19 - [MESSAGE][INFO] - Starting 'Chrome' driver

2022-11-01 11:40:19 - [MESSAGE][INFO] - Action delay is set to 0 milliseconds

2022-11-01 11:40:21 - [MESSAGE][PASSED] - Browser is opened with url: ''

2022-11-01 11:40:21 - [TEST_STEP][PASSED] - navigateToUrl("https://alta-shop.vercel.app/"): Navigate to 'https://alta-shop.vercel.app/' successfully

2022-11-01 11:40:24 - [MESSAGE][PASSED] - Navigate to 'https://alta-shop.vercel.app/' successfully

2022-11-01 11:40:24 - [TEST_STEP][PASSED] - click(findTestObject("Object Repository/Product/Page_frontend-web/i_AltaShop_v-icon notranslate fas fa-sign-i_3d16a9")): Object: 'Object Repository/Product/Page_frontend-web/i_AltaShop_v-icon notranslate fas fa-sign-i_3d16a9' is clicked on

2022-11-01 11:40:27 - [MESSAGE][PASSED] - Object: 'Object Repository/Product/Page_frontend-web/i_AltaShop_v-icon notranslate fas fa-sign-i_3d16a9' is clicked on

2022-11-01 11:40:27 - [TEST_STEP][PASSED] - setText(findTestObject("Login/Page_frontend-web/input_Email_input-602"), "zack@gmail.com"): Text 'zack@gmail.com' is set on object 'Object Repository/Login/Page_frontend-web/input_Email_input-602'

2022-11-01 11:40:28 - [MESSAGE][PASSED] - Text 'zack@gmail.com' is set on object 'Object Repository/Login/Page_frontend-web/input_Email_input-602'

2022-11-01 11:40:28 - [TEST_STEP][PASSED] - setText(findTestObject("Login/Page_frontend-web/input_Password_input-605"), "zack123"): Text 'zack123' is set on object 'Object Repository/Login/Page_frontend-web/input_Password_input-605'

2022-11-01 11:40:29 - [MESSAGE][PASSED] - Text 'zack123' is set on object 'Object Repository/Login/Page_frontend-web/input_Password_input-605'

2022-11-01 11:40:29 - [TEST_STEP][PASSED] - click(findTestObject("Object Repository/Product/Page_frontend-web/span_Login")): Object: 'Object Repository/Product/Page_frontend-web/span_Login' is clicked on

2022-11-01 11:40:29 - [MESSAGE][PASSED] - Object: 'Object Repository/Product/Page_frontend-web/span_Login' is clicked on

2022-11-01 11:40:29 - [TEST_STEP][PASSED] - click(findTestObject("Object Repository/Product/Page_frontend-web/span_Beli")): Object: 'Object Repository/Product/Page_frontend-web/span_Beli' is clicked on

2022-11-01 11:40:33 - [MESSAGE][PASSED] - Object: 'Object Repository/Product/Page_frontend-web/span_Beli' is clicked on

2022-11-01 11:40:33 - [TEST_STEP][PASSED] - click(findTestObject("Object Repository/Product/Page_frontend-web/i_AltaShop_v-icon notranslate fas fa-shoppi_c66ce9")): Object: 'Object Repository/Product/Page_frontend-web/i_AltaShop_v-icon notranslate fas fa-shoppi_c66ce9' is clicked on

2022-11-01 11:40:33 - [MESSAGE][PASSED] - Object: 'Object Repository/Product/Page_frontend-web/i_AltaShop_v-icon notranslate fas fa-shoppi_c66ce9' is clicked on

2022-11-01 11:40:33 - [TEST_STEP][PASSED] - click(findTestObject("Object Repository/Product/Page_frontend-web/span_Bayar")): Object: 'Object Repository/Product/Page_frontend-web/span_Bayar' is clicked on

2022-11-01 11:40:34 - [MESSAGE][PASSED] - Object: 'Object Repository/Product/Page_frontend-web/span_Bayar' is clicked on

2022-11-01 11:40:34 - [TEST_STEP][PASSED] - verifyElementPresent(findTestObject("Object Repository/Product/Page_frontend-web/h1_Transactions"), 0): Object 'Object Repository/Product/Page_frontend-web/h1_Transactions' is present

2022-11-01 11:40:34 - [MESSAGE][WARNING] - Timeout '0' is invalid. Using default page load timeout: '30'

2022-11-01 11:40:36 - [MESSAGE][PASSED] - Object 'Object Repository/Product/Page_frontend-web/h1_Transactions' is present

2022-11-01 11:40:36 - [TEST_STEP][PASSED] - closeBrowser(): Browser is closed

2022-11-01 11:40:36 - [MESSAGE][PASSED] - Browser is closed]]></system-out>
         <system-err><![CDATA[]]></system-err>
      </testcase>
      <testcase name="Test Cases/ATC/ATC10_Give Product Rating" time="0.431" classname="Test Cases/ATC/ATC10_Give Product Rating" status="PASSED">
         <system-out><![CDATA[2022-11-01 11:40:36 - [TEST_CASE][PASSED] - Test Cases/ATC/ATC10_Give Product Rating: Test Cases/ATC/ATC10_Give Product Rating

2022-11-01 11:40:37 - [TEST_STEP][PASSED] - return null: null]]></system-out>
         <system-err><![CDATA[]]></system-err>
      </testcase>
      <testcase name="Test Cases/ATC/ATC11_Change Product Rating" time="0.494" classname="Test Cases/ATC/ATC11_Change Product Rating" status="PASSED">
         <system-out><![CDATA[2022-11-01 11:40:37 - [TEST_CASE][PASSED] - Test Cases/ATC/ATC11_Change Product Rating: Test Cases/ATC/ATC11_Change Product Rating

2022-11-01 11:40:37 - [TEST_STEP][PASSED] - return null: null]]></system-out>
         <system-err><![CDATA[]]></system-err>
      </testcase>
      <testcase name="Test Cases/ATC/ATC12_View Transactions" time="16.022" classname="Test Cases/ATC/ATC12_View Transactions" status="PASSED">
         <system-out><![CDATA[2022-11-01 11:40:38 - [TEST_CASE][PASSED] - Test Cases/ATC/ATC12_View Transactions: Test Cases/ATC/ATC12_View Transactions

2022-11-01 11:40:38 - [TEST_STEP][PASSED] - openBrowser(""): Browser is opened with url: ''

2022-11-01 11:40:38 - [MESSAGE][INFO] - Starting 'Chrome' driver

2022-11-01 11:40:38 - [MESSAGE][INFO] - Action delay is set to 0 milliseconds

2022-11-01 11:40:39 - [MESSAGE][PASSED] - Browser is opened with url: ''

2022-11-01 11:40:39 - [TEST_STEP][PASSED] - navigateToUrl("https://alta-shop.vercel.app/"): Navigate to 'https://alta-shop.vercel.app/' successfully

2022-11-01 11:40:43 - [MESSAGE][PASSED] - Navigate to 'https://alta-shop.vercel.app/' successfully

2022-11-01 11:40:43 - [TEST_STEP][PASSED] - click(findTestObject("Object Repository/Transaction/Page_frontend-web/i_AltaShop_v-icon notranslate fas fa-sign-i_3d16a9")): Object: 'Object Repository/Transaction/Page_frontend-web/i_AltaShop_v-icon notranslate fas fa-sign-i_3d16a9' is clicked on

2022-11-01 11:40:45 - [MESSAGE][PASSED] - Object: 'Object Repository/Transaction/Page_frontend-web/i_AltaShop_v-icon notranslate fas fa-sign-i_3d16a9' is clicked on

2022-11-01 11:40:45 - [TEST_STEP][PASSED] - setText(findTestObject("Login/Page_frontend-web/input_Email_input-602"), "zack@gmail.com"): Text 'zack@gmail.com' is set on object 'Object Repository/Login/Page_frontend-web/input_Email_input-602'

2022-11-01 11:40:46 - [MESSAGE][PASSED] - Text 'zack@gmail.com' is set on object 'Object Repository/Login/Page_frontend-web/input_Email_input-602'

2022-11-01 11:40:46 - [TEST_STEP][PASSED] - setText(findTestObject("Login/Page_frontend-web/input_Password_input-605"), "zack123"): Text 'zack123' is set on object 'Object Repository/Login/Page_frontend-web/input_Password_input-605'

2022-11-01 11:40:47 - [MESSAGE][PASSED] - Text 'zack123' is set on object 'Object Repository/Login/Page_frontend-web/input_Password_input-605'

2022-11-01 11:40:47 - [TEST_STEP][PASSED] - click(findTestObject("Object Repository/Transaction/Page_frontend-web/span_Login")): Object: 'Object Repository/Transaction/Page_frontend-web/span_Login' is clicked on

2022-11-01 11:40:47 - [MESSAGE][PASSED] - Object: 'Object Repository/Transaction/Page_frontend-web/span_Login' is clicked on

2022-11-01 11:40:47 - [TEST_STEP][PASSED] - click(findTestObject("Object Repository/Transaction/Page_frontend-web/i_AltaShop_v-icon notranslate fas fa-user t_f0827e")): Object: 'Object Repository/Transaction/Page_frontend-web/i_AltaShop_v-icon notranslate fas fa-user t_f0827e' is clicked on

2022-11-01 11:40:51 - [MESSAGE][PASSED] - Object: 'Object Repository/Transaction/Page_frontend-web/i_AltaShop_v-icon notranslate fas fa-user t_f0827e' is clicked on

2022-11-01 11:40:51 - [TEST_STEP][PASSED] - click(findTestObject("Object Repository/Transaction/Page_frontend-web/i_Beli_v-icon notranslate fas fa-history th_483648")): Object: 'Object Repository/Transaction/Page_frontend-web/i_Beli_v-icon notranslate fas fa-history th_483648' is clicked on

2022-11-01 11:40:52 - [MESSAGE][PASSED] - Object: 'Object Repository/Transaction/Page_frontend-web/i_Beli_v-icon notranslate fas fa-history th_483648' is clicked on

2022-11-01 11:40:52 - [TEST_STEP][PASSED] - verifyElementPresent(findTestObject("Object Repository/Transaction/Page_frontend-web/h1_Transactions"), 0): Object 'Object Repository/Transaction/Page_frontend-web/h1_Transactions' is present

2022-11-01 11:40:52 - [MESSAGE][WARNING] - Timeout '0' is invalid. Using default page load timeout: '30'

2022-11-01 11:40:53 - [MESSAGE][PASSED] - Object 'Object Repository/Transaction/Page_frontend-web/h1_Transactions' is present

2022-11-01 11:40:53 - [TEST_STEP][PASSED] - closeBrowser(): Browser is closed

2022-11-01 11:40:54 - [MESSAGE][PASSED] - Browser is closed]]></system-out>
         <system-err><![CDATA[]]></system-err>
      </testcase>
      <system-out><![CDATA[2022-11-01 11:37:31 - [TEST_SUITE][FAILED] - ATC_Test Suite: Test Cases/ATC/ATC01_Register FAILED.
Reason:
com.kms.katalon.core.exception.StepFailedException: Unable to set text 'zackweb' of object 'Object Repository/Register/Page_frontend-web/input_Nama Lengkap_input-613'
	at com.kms.katalon.core.webui.keyword.internal.WebUIKeywordMain.stepFailed(WebUIKeywordMain.groovy:64)
	at com.kms.katalon.core.webui.keyword.internal.WebUIKeywordMain.runKeyword(WebUIKeywordMain.groovy:26)
	at com.kms.katalon.core.webui.keyword.builtin.SetTextKeyword.setText(SetTextKeyword.groovy:66)
	at com.kms.katalon.core.webui.keyword.builtin.SetTextKeyword.execute(SetTextKeyword.groovy:37)
	at com.kms.katalon.core.keyword.internal.KeywordExecutor.executeKeywordForPlatform(KeywordExecutor.groovy:74)
	at com.kms.katalon.core.webui.keyword.WebUiBuiltInKeywords.setText(WebUiBuiltInKeywords.groovy:980)
	at com.kms.katalon.core.webui.keyword.WebUiBuiltInKeywords$setText$2.call(Unknown Source)
	at ATC01_Register.run(ATC01_Register:28)
	at com.kms.katalon.core.main.ScriptEngine.run(ScriptEngine.java:194)
	at com.kms.katalon.core.main.ScriptEngine.runScriptAsRawText(ScriptEngine.java:119)
	at com.kms.katalon.core.main.TestCaseExecutor.runScript(TestCaseExecutor.java:445)
	at com.kms.katalon.core.main.TestCaseExecutor.doExecute(TestCaseExecutor.java:436)
	at com.kms.katalon.core.main.TestCaseExecutor.processExecutionPhase(TestCaseExecutor.java:415)
	at com.kms.katalon.core.main.TestCaseExecutor.accessMainPhase(TestCaseExecutor.java:407)
	at com.kms.katalon.core.main.TestCaseExecutor.execute(TestCaseExecutor.java:284)
	at com.kms.katalon.core.common.CommonExecutor.accessTestCaseMainPhase(CommonExecutor.java:65)
	at com.kms.katalon.core.main.TestSuiteExecutor.accessTestSuiteMainPhase(TestSuiteExecutor.java:144)
	at com.kms.katalon.core.main.TestSuiteExecutor.execute(TestSuiteExecutor.java:106)
	at com.kms.katalon.core.main.TestCaseMain.startTestSuite(TestCaseMain.java:185)
	at com.kms.katalon.core.main.TestCaseMain$startTestSuite$0.call(Unknown Source)
	at TempTestSuite1667277442194.run(TempTestSuite1667277442194.groovy:36)
Caused by: com.kms.katalon.core.webui.exception.WebElementNotFoundException: Web element with id: 'Object Repository/Register/Page_frontend-web/input_Nama Lengkap_input-613' located by '//input[@id='input-613']' not found
	at com.kms.katalon.core.webui.common.WebUiCommonHelper.findWebElement(WebUiCommonHelper.java:1370)
	at com.kms.katalon.core.webui.keyword.internal.WebUIAbstractKeyword.findWebElement(WebUIAbstractKeyword.groovy:27)
	at com.kms.katalon.core.webui.keyword.internal.WebUIAbstractKeyword.findWebElement(WebUIAbstractKeyword.groovy:26)
	at com.kms.katalon.core.webui.keyword.builtin.SetTextKeyword$_setText_closure1.doCall(SetTextKeyword.groovy:51)
	at com.kms.katalon.core.webui.keyword.builtin.SetTextKeyword$_setText_closure1.call(SetTextKeyword.groovy)
	at com.kms.katalon.core.webui.keyword.internal.WebUIKeywordMain.runKeyword(WebUIKeywordMain.groovy:20)
	... 19 more]]></system-out>
      <system-err><![CDATA[2022-11-01 11:37:31 - [TEST_SUITE][FAILED] - ATC_Test Suite: Test Cases/ATC/ATC01_Register FAILED.
Reason:
com.kms.katalon.core.exception.StepFailedException: Unable to set text 'zackweb' of object 'Object Repository/Register/Page_frontend-web/input_Nama Lengkap_input-613'
	at com.kms.katalon.core.webui.keyword.internal.WebUIKeywordMain.stepFailed(WebUIKeywordMain.groovy:64)
	at com.kms.katalon.core.webui.keyword.internal.WebUIKeywordMain.runKeyword(WebUIKeywordMain.groovy:26)
	at com.kms.katalon.core.webui.keyword.builtin.SetTextKeyword.setText(SetTextKeyword.groovy:66)
	at com.kms.katalon.core.webui.keyword.builtin.SetTextKeyword.execute(SetTextKeyword.groovy:37)
	at com.kms.katalon.core.keyword.internal.KeywordExecutor.executeKeywordForPlatform(KeywordExecutor.groovy:74)
	at com.kms.katalon.core.webui.keyword.WebUiBuiltInKeywords.setText(WebUiBuiltInKeywords.groovy:980)
	at com.kms.katalon.core.webui.keyword.WebUiBuiltInKeywords$setText$2.call(Unknown Source)
	at ATC01_Register.run(ATC01_Register:28)
	at com.kms.katalon.core.main.ScriptEngine.run(ScriptEngine.java:194)
	at com.kms.katalon.core.main.ScriptEngine.runScriptAsRawText(ScriptEngine.java:119)
	at com.kms.katalon.core.main.TestCaseExecutor.runScript(TestCaseExecutor.java:445)
	at com.kms.katalon.core.main.TestCaseExecutor.doExecute(TestCaseExecutor.java:436)
	at com.kms.katalon.core.main.TestCaseExecutor.processExecutionPhase(TestCaseExecutor.java:415)
	at com.kms.katalon.core.main.TestCaseExecutor.accessMainPhase(TestCaseExecutor.java:407)
	at com.kms.katalon.core.main.TestCaseExecutor.execute(TestCaseExecutor.java:284)
	at com.kms.katalon.core.common.CommonExecutor.accessTestCaseMainPhase(CommonExecutor.java:65)
	at com.kms.katalon.core.main.TestSuiteExecutor.accessTestSuiteMainPhase(TestSuiteExecutor.java:144)
	at com.kms.katalon.core.main.TestSuiteExecutor.execute(TestSuiteExecutor.java:106)
	at com.kms.katalon.core.main.TestCaseMain.startTestSuite(TestCaseMain.java:185)
	at com.kms.katalon.core.main.TestCaseMain$startTestSuite$0.call(Unknown Source)
	at TempTestSuite1667277442194.run(TempTestSuite1667277442194.groovy:36)
Caused by: com.kms.katalon.core.webui.exception.WebElementNotFoundException: Web element with id: 'Object Repository/Register/Page_frontend-web/input_Nama Lengkap_input-613' located by '//input[@id='input-613']' not found
	at com.kms.katalon.core.webui.common.WebUiCommonHelper.findWebElement(WebUiCommonHelper.java:1370)
	at com.kms.katalon.core.webui.keyword.internal.WebUIAbstractKeyword.findWebElement(WebUIAbstractKeyword.groovy:27)
	at com.kms.katalon.core.webui.keyword.internal.WebUIAbstractKeyword.findWebElement(WebUIAbstractKeyword.groovy:26)
	at com.kms.katalon.core.webui.keyword.builtin.SetTextKeyword$_setText_closure1.doCall(SetTextKeyword.groovy:51)
	at com.kms.katalon.core.webui.keyword.builtin.SetTextKeyword$_setText_closure1.call(SetTextKeyword.groovy)
	at com.kms.katalon.core.webui.keyword.internal.WebUIKeywordMain.runKeyword(WebUIKeywordMain.groovy:20)
	... 19 more]]></system-err>
   </testsuite>
</testsuites>
